13/Aug/2024:20:38 Server running on port 5000
13/Aug/2024:20:39 Server running on port 5000
13/Aug/2024:20:39 13/Aug/2024:19:39:57 +0000 "OPTIONS /api/auth/login HTTP/1.1" 204
13/Aug/2024:20:39 13/Aug/2024:19:39:57 +0000 "POST /api/auth/login HTTP/1.1" 200
13/Aug/2024:20:39 13/Aug/2024:19:39:57 +0000 "OPTIONS /api/profile HTTP/1.1" 204
13/Aug/2024:20:39 13/Aug/2024:19:39:57 +0000 "OPTIONS /api/profile HTTP/1.1" 204
13/Aug/2024:20:39 13/Aug/2024:19:39:57 +0000 "GET /api/profile HTTP/1.1" 200
13/Aug/2024:20:39 13/Aug/2024:19:39:57 +0000 "GET /api/profile HTTP/1.1" 304
13/Aug/2024:20:40 13/Aug/2024:19:40:07 +0000 "OPTIONS /api/profile HTTP/1.1" 204
13/Aug/2024:20:40 13/Aug/2024:19:40:07 +0000 "OPTIONS /api/profile HTTP/1.1" 204
13/Aug/2024:20:40 13/Aug/2024:19:40:07 +0000 "GET /api/profile HTTP/1.1" 304
13/Aug/2024:20:40 13/Aug/2024:19:40:07 +0000 "GET /api/profile HTTP/1.1" 304
13/Aug/2024:21:19 13/Aug/2024:20:19:09 +0000 "OPTIONS /api/profile HTTP/1.1" 204
13/Aug/2024:21:19 13/Aug/2024:20:19:09 +0000 "OPTIONS /api/profile HTTP/1.1" 204
13/Aug/2024:21:19 13/Aug/2024:20:19:09 +0000 "GET /api/profile HTTP/1.1" 304
13/Aug/2024:21:19 13/Aug/2024:20:19:09 +0000 "GET /api/profile HTTP/1.1" 304
13/Aug/2024:21:22 13/Aug/2024:20:22:33 +0000 "OPTIONS /api/profile HTTP/1.1" 204
13/Aug/2024:21:22 13/Aug/2024:20:22:33 +0000 "OPTIONS /api/profile HTTP/1.1" 204
13/Aug/2024:21:22 13/Aug/2024:20:22:33 +0000 "OPTIONS /api/profile HTTP/1.1" 204
13/Aug/2024:21:22 13/Aug/2024:20:22:33 +0000 "OPTIONS /api/profile HTTP/1.1" 204
13/Aug/2024:21:22 13/Aug/2024:20:22:33 +0000 "GET /api/profile HTTP/1.1" 304
13/Aug/2024:21:22 13/Aug/2024:20:22:33 +0000 "GET /api/profile HTTP/1.1" 304
13/Aug/2024:21:22 13/Aug/2024:20:22:33 +0000 "GET /api/profile HTTP/1.1" 304
13/Aug/2024:21:22 13/Aug/2024:20:22:33 +0000 "GET /api/profile HTTP/1.1" 304
13/Aug/2024:21:22 13/Aug/2024:20:22:48 +0000 "OPTIONS /api/profile HTTP/1.1" 204
13/Aug/2024:21:22 13/Aug/2024:20:22:48 +0000 "OPTIONS /api/profile HTTP/1.1" 204
13/Aug/2024:21:22 13/Aug/2024:20:22:48 +0000 "GET /api/profile HTTP/1.1" 304
13/Aug/2024:21:22 13/Aug/2024:20:22:48 +0000 "GET /api/profile HTTP/1.1" 304
13/Aug/2024:21:23 13/Aug/2024:20:23:05 +0000 "OPTIONS /api/profile HTTP/1.1" 204
13/Aug/2024:21:23 13/Aug/2024:20:23:05 +0000 "OPTIONS /api/profile HTTP/1.1" 204
13/Aug/2024:21:23 13/Aug/2024:20:23:05 +0000 "GET /api/profile HTTP/1.1" 304
13/Aug/2024:21:23 13/Aug/2024:20:23:05 +0000 "GET /api/profile HTTP/1.1" 304
13/Aug/2024:21:27 13/Aug/2024:20:27:35 +0000 "OPTIONS /api/profile HTTP/1.1" 204
13/Aug/2024:21:27 13/Aug/2024:20:27:35 +0000 "GET /api/profile HTTP/1.1" 304
13/Aug/2024:21:27 13/Aug/2024:20:27:35 +0000 "GET /api/profile HTTP/1.1" 304
13/Aug/2024:21:27 13/Aug/2024:20:27:38 +0000 "GET /api/profile HTTP/1.1" 304
13/Aug/2024:21:27 13/Aug/2024:20:27:38 +0000 "GET /api/profile HTTP/1.1" 304
13/Aug/2024:21:28 13/Aug/2024:20:28:16 +0000 "OPTIONS /api/profile HTTP/1.1" 204
13/Aug/2024:21:28 13/Aug/2024:20:28:16 +0000 "PUT /api/profile HTTP/1.1" 200
13/Aug/2024:21:28 13/Aug/2024:20:28:16 +0000 "GET /api/profile HTTP/1.1" 200
13/Aug/2024:21:28 13/Aug/2024:20:28:16 +0000 "GET /api/profile HTTP/1.1" 304
13/Aug/2024:21:28 13/Aug/2024:20:28:32 +0000 "OPTIONS /api/profile HTTP/1.1" 204
13/Aug/2024:21:28 13/Aug/2024:20:28:32 +0000 "GET /api/profile HTTP/1.1" 200
13/Aug/2024:21:28 13/Aug/2024:20:28:32 +0000 "PUT /api/profile HTTP/1.1" 200
13/Aug/2024:21:28 13/Aug/2024:20:28:32 +0000 "GET /api/profile HTTP/1.1" 200
13/Aug/2024:21:28 13/Aug/2024:20:28:39 +0000 "OPTIONS /api/profile HTTP/1.1" 204
13/Aug/2024:21:28 13/Aug/2024:20:28:39 +0000 "PUT /api/profile HTTP/1.1" 200
13/Aug/2024:21:28 13/Aug/2024:20:28:39 +0000 "GET /api/profile HTTP/1.1" 200
13/Aug/2024:21:28 13/Aug/2024:20:28:39 +0000 "GET /api/profile HTTP/1.1" 304
13/Aug/2024:21:28 13/Aug/2024:20:28:55 +0000 "OPTIONS /api/profile HTTP/1.1" 204
13/Aug/2024:21:28 13/Aug/2024:20:28:55 +0000 "PUT /api/profile HTTP/1.1" 200
13/Aug/2024:21:28 13/Aug/2024:20:28:55 +0000 "GET /api/profile HTTP/1.1" 200
13/Aug/2024:21:28 13/Aug/2024:20:28:55 +0000 "GET /api/profile HTTP/1.1" 304
13/Aug/2024:21:30 13/Aug/2024:20:30:52 +0000 "OPTIONS /api/profile HTTP/1.1" 204
13/Aug/2024:21:30 13/Aug/2024:20:30:52 +0000 "GET /api/profile HTTP/1.1" 304
13/Aug/2024:21:31 13/Aug/2024:20:31:04 +0000 "OPTIONS /api/profile HTTP/1.1" 204
13/Aug/2024:21:31 13/Aug/2024:20:31:04 +0000 "OPTIONS /api/profile HTTP/1.1" 204
13/Aug/2024:21:31 13/Aug/2024:20:31:04 +0000 "GET /api/profile HTTP/1.1" 304
13/Aug/2024:21:31 13/Aug/2024:20:31:04 +0000 "GET /api/profile HTTP/1.1" 304
13/Aug/2024:21:41 13/Aug/2024:20:41:21 +0000 "OPTIONS /api/auth/login HTTP/1.1" 204
13/Aug/2024:21:41 13/Aug/2024:20:41:21 +0000 "POST /api/auth/login HTTP/1.1" 200
13/Aug/2024:21:41 13/Aug/2024:20:41:21 +0000 "OPTIONS /api/profile HTTP/1.1" 204
13/Aug/2024:21:41 13/Aug/2024:20:41:21 +0000 "OPTIONS /api/profile HTTP/1.1" 204
13/Aug/2024:21:41 13/Aug/2024:20:41:21 +0000 "GET /api/profile HTTP/1.1" 304
13/Aug/2024:21:41 13/Aug/2024:20:41:21 +0000 "GET /api/profile HTTP/1.1" 304
13/Aug/2024:21:41 13/Aug/2024:20:41:45 +0000 "OPTIONS /api/profile HTTP/1.1" 204
13/Aug/2024:21:41 Error: request entity too large
13/Aug/2024:21:41 13/Aug/2024:20:41:45 +0000 "PUT /api/profile HTTP/1.1" 500
13/Aug/2024:21:41 13/Aug/2024:20:41:55 +0000 "OPTIONS /api/profile HTTP/1.1" 204
13/Aug/2024:21:41 13/Aug/2024:20:41:55 +0000 "OPTIONS /api/profile HTTP/1.1" 204
13/Aug/2024:21:41 13/Aug/2024:20:41:55 +0000 "GET /api/profile HTTP/1.1" 304
13/Aug/2024:21:41 13/Aug/2024:20:41:55 +0000 "GET /api/profile HTTP/1.1" 304
13/Aug/2024:21:42 13/Aug/2024:20:42:12 +0000 "OPTIONS /api/profile HTTP/1.1" 204
13/Aug/2024:21:42 Error: request entity too large
13/Aug/2024:21:42 13/Aug/2024:20:42:12 +0000 "PUT /api/profile HTTP/1.1" 500
13/Aug/2024:21:42 13/Aug/2024:20:42:29 +0000 "OPTIONS /api/profile HTTP/1.1" 204
13/Aug/2024:21:42 Error: request entity too large
13/Aug/2024:21:42 13/Aug/2024:20:42:29 +0000 "PUT /api/profile HTTP/1.1" 500
13/Aug/2024:21:47 Server running on port 5000
13/Aug/2024:21:48 13/Aug/2024:20:48:15 +0000 "OPTIONS /api/auth/register HTTP/1.1" 204
13/Aug/2024:21:48 13/Aug/2024:20:48:15 +0000 "POST /api/auth/register HTTP/1.1" 201
13/Aug/2024:21:48 13/Aug/2024:20:48:22 +0000 "OPTIONS /api/auth/login HTTP/1.1" 204
13/Aug/2024:21:48 13/Aug/2024:20:48:22 +0000 "POST /api/auth/login HTTP/1.1" 200
13/Aug/2024:21:48 13/Aug/2024:20:48:22 +0000 "OPTIONS /api/profile HTTP/1.1" 204
13/Aug/2024:21:48 13/Aug/2024:20:48:22 +0000 "OPTIONS /api/profile HTTP/1.1" 204
13/Aug/2024:21:48 13/Aug/2024:20:48:22 +0000 "GET /api/profile HTTP/1.1" 200
13/Aug/2024:21:48 13/Aug/2024:20:48:22 +0000 "GET /api/profile HTTP/1.1" 304
13/Aug/2024:21:48 13/Aug/2024:20:48:30 +0000 "OPTIONS /api/profile HTTP/1.1" 204
13/Aug/2024:21:48 13/Aug/2024:20:48:30 +0000 "PUT /api/profile HTTP/1.1" 200
13/Aug/2024:21:48 13/Aug/2024:20:48:32 +0000 "PUT /api/profile HTTP/1.1" 200
13/Aug/2024:21:48 13/Aug/2024:20:48:38 +0000 "OPTIONS /api/profile HTTP/1.1" 204
13/Aug/2024:21:48 Error: request entity too large
13/Aug/2024:21:48 13/Aug/2024:20:48:38 +0000 "PUT /api/profile HTTP/1.1" 500
13/Aug/2024:21:51 13/Aug/2024:20:51:33 +0000 "OPTIONS /api/profile HTTP/1.1" 204
13/Aug/2024:21:51 13/Aug/2024:20:51:33 +0000 "OPTIONS /api/profile HTTP/1.1" 204
13/Aug/2024:21:51 13/Aug/2024:20:51:34 +0000 "GET /api/profile HTTP/1.1" 200
13/Aug/2024:21:51 13/Aug/2024:20:51:34 +0000 "GET /api/profile HTTP/1.1" 304
13/Aug/2024:21:51 13/Aug/2024:20:51:44 +0000 "OPTIONS /api/profile HTTP/1.1" 204
13/Aug/2024:21:51 13/Aug/2024:20:51:44 +0000 "PUT /api/profile HTTP/1.1" 200
13/Aug/2024:21:51 13/Aug/2024:20:51:45 +0000 "PUT /api/profile HTTP/1.1" 200
13/Aug/2024:21:51 13/Aug/2024:20:51:50 +0000 "OPTIONS /api/profile HTTP/1.1" 204
13/Aug/2024:21:51 Error: request entity too large
13/Aug/2024:21:51 13/Aug/2024:20:51:50 +0000 "PUT /api/profile HTTP/1.1" 500
13/Aug/2024:21:52 13/Aug/2024:20:52:11 +0000 "OPTIONS /api/profile HTTP/1.1" 204
13/Aug/2024:21:52 13/Aug/2024:20:52:11 +0000 "OPTIONS /api/profile HTTP/1.1" 204
13/Aug/2024:21:52 13/Aug/2024:20:52:11 +0000 "GET /api/profile HTTP/1.1" 200
13/Aug/2024:21:52 13/Aug/2024:20:52:11 +0000 "GET /api/profile HTTP/1.1" 304
13/Aug/2024:21:52 13/Aug/2024:20:52:27 +0000 "OPTIONS /api/profile HTTP/1.1" 204
13/Aug/2024:21:52 13/Aug/2024:20:52:27 +0000 "OPTIONS /api/profile HTTP/1.1" 204
13/Aug/2024:21:52 13/Aug/2024:20:52:27 +0000 "OPTIONS /api/profile HTTP/1.1" 204
13/Aug/2024:21:52 13/Aug/2024:20:52:27 +0000 "OPTIONS /api/profile HTTP/1.1" 204
13/Aug/2024:21:52 13/Aug/2024:20:52:27 +0000 "GET /api/profile HTTP/1.1" 304
13/Aug/2024:21:52 13/Aug/2024:20:52:27 +0000 "GET /api/profile HTTP/1.1" 304
13/Aug/2024:21:52 13/Aug/2024:20:52:27 +0000 "GET /api/profile HTTP/1.1" 304
13/Aug/2024:21:52 13/Aug/2024:20:52:27 +0000 "GET /api/profile HTTP/1.1" 304
13/Aug/2024:21:52 13/Aug/2024:20:52:29 +0000 "GET /api/profile HTTP/1.1" 304
13/Aug/2024:21:52 13/Aug/2024:20:52:29 +0000 "GET /api/profile HTTP/1.1" 304
13/Aug/2024:21:52 13/Aug/2024:20:52:29 +0000 "GET /api/profile HTTP/1.1" 304
13/Aug/2024:21:52 13/Aug/2024:20:52:29 +0000 "GET /api/profile HTTP/1.1" 304
13/Aug/2024:21:52 13/Aug/2024:20:52:34 +0000 "OPTIONS /api/profile HTTP/1.1" 204
13/Aug/2024:21:52 13/Aug/2024:20:52:34 +0000 "GET /api/profile HTTP/1.1" 304
13/Aug/2024:21:52 13/Aug/2024:20:52:34 +0000 "GET /api/profile HTTP/1.1" 304
13/Aug/2024:21:52 13/Aug/2024:20:52:37 +0000 "GET /api/profile HTTP/1.1" 304
13/Aug/2024:21:52 13/Aug/2024:20:52:37 +0000 "GET /api/profile HTTP/1.1" 304
13/Aug/2024:21:53 13/Aug/2024:20:53:49 +0000 "OPTIONS /api/profile HTTP/1.1" 204
13/Aug/2024:21:53 13/Aug/2024:20:53:50 +0000 "PUT /api/profile HTTP/1.1" 200
13/Aug/2024:21:53 13/Aug/2024:20:53:50 +0000 "GET /api/profile HTTP/1.1" 200
13/Aug/2024:21:53 13/Aug/2024:20:53:50 +0000 "GET /api/profile HTTP/1.1" 304
13/Aug/2024:21:57 13/Aug/2024:20:57:36 +0000 "OPTIONS /api/profile HTTP/1.1" 204
13/Aug/2024:21:57 13/Aug/2024:20:57:36 +0000 "OPTIONS /api/profile HTTP/1.1" 204
13/Aug/2024:21:57 13/Aug/2024:20:57:36 +0000 "GET /api/profile HTTP/1.1" 200
13/Aug/2024:21:57 13/Aug/2024:20:57:36 +0000 "GET /api/profile HTTP/1.1" 304
13/Aug/2024:21:58 13/Aug/2024:20:58:55 +0000 "OPTIONS /api/profile HTTP/1.1" 204
13/Aug/2024:21:58 13/Aug/2024:20:58:55 +0000 "GET /api/profile HTTP/1.1" 304
13/Aug/2024:21:58 13/Aug/2024:20:58:59 +0000 "GET /api/profile HTTP/1.1" 304
13/Aug/2024:21:58 13/Aug/2024:20:58:59 +0000 "GET /api/profile HTTP/1.1" 304
13/Aug/2024:21:58 13/Aug/2024:20:58:59 +0000 "GET /api/profile HTTP/1.1" 304
13/Aug/2024:21:58 13/Aug/2024:20:58:59 +0000 "GET /api/profile HTTP/1.1" 304
13/Aug/2024:22:01 13/Aug/2024:21:01:44 +0000 "OPTIONS /api/profile HTTP/1.1" 204
13/Aug/2024:22:01 13/Aug/2024:21:01:44 +0000 "GET /api/profile HTTP/1.1" 304
13/Aug/2024:22:02 13/Aug/2024:21:02:00 +0000 "OPTIONS /api/profile HTTP/1.1" 204
13/Aug/2024:22:02 13/Aug/2024:21:02:00 +0000 "OPTIONS /api/profile HTTP/1.1" 204
13/Aug/2024:22:02 13/Aug/2024:21:02:00 +0000 "GET /api/profile HTTP/1.1" 304
13/Aug/2024:22:02 13/Aug/2024:21:02:00 +0000 "GET /api/profile HTTP/1.1" 304
13/Aug/2024:22:04 13/Aug/2024:21:04:55 +0000 "OPTIONS /api/profile HTTP/1.1" 204
13/Aug/2024:22:04 13/Aug/2024:21:04:55 +0000 "OPTIONS /api/profile HTTP/1.1" 204
13/Aug/2024:22:04 13/Aug/2024:21:04:55 +0000 "GET /api/profile HTTP/1.1" 304
13/Aug/2024:22:04 13/Aug/2024:21:04:55 +0000 "GET /api/profile HTTP/1.1" 304
13/Aug/2024:22:05 13/Aug/2024:21:05:32 +0000 "OPTIONS /api/profile HTTP/1.1" 204
13/Aug/2024:22:05 13/Aug/2024:21:05:32 +0000 "OPTIONS /api/profile HTTP/1.1" 204
13/Aug/2024:22:05 13/Aug/2024:21:05:32 +0000 "GET /api/profile HTTP/1.1" 304
13/Aug/2024:22:05 13/Aug/2024:21:05:32 +0000 "GET /api/profile HTTP/1.1" 304
13/Aug/2024:22:08 13/Aug/2024:21:08:38 +0000 "OPTIONS /api/profile HTTP/1.1" 204
13/Aug/2024:22:08 Error: request entity too large
13/Aug/2024:22:08 13/Aug/2024:21:08:38 +0000 "PUT /api/profile HTTP/1.1" 500
13/Aug/2024:22:08 13/Aug/2024:21:08:38 +0000 "GET /api/profile HTTP/1.1" 304
13/Aug/2024:22:08 13/Aug/2024:21:08:38 +0000 "GET /api/profile HTTP/1.1" 304
13/Aug/2024:22:09 13/Aug/2024:21:09:00 +0000 "OPTIONS /api/profile HTTP/1.1" 204
13/Aug/2024:22:09 Error: request entity too large
13/Aug/2024:22:09 13/Aug/2024:21:09:00 +0000 "PUT /api/profile HTTP/1.1" 500
13/Aug/2024:22:09 13/Aug/2024:21:09:00 +0000 "GET /api/profile HTTP/1.1" 304
13/Aug/2024:22:09 13/Aug/2024:21:09:00 +0000 "GET /api/profile HTTP/1.1" 304
